{"C:\\Users\\Brenno\\Documents\\projects\\task-manager-mern\\server\\src\\domain\\entities\\Account.ts": {"path":"C:\\Users\\Brenno\\Documents\\projects\\task-manager-mern\\server\\src\\domain\\entities\\Account.ts","statementMap":{"0":{"start":{"line":6,"column":15},"end":{"line":6,"column":41}},"1":{"start":{"line":7,"column":15},"end":{"line":7,"column":33}},"2":{"start":{"line":8,"column":15},"end":{"line":8,"column":46}},"3":{"start":{"line":9,"column":15},"end":{"line":9,"column":45}},"4":{"start":{"line":10,"column":15},"end":{"line":10,"column":42}},"5":{"start":{"line":11,"column":15},"end":{"line":11,"column":26}},"6":{"start":{"line":12,"column":15},"end":{"line":12,"column":31}},"7":{"start":{"line":13,"column":15},"end":{"line":13,"column":31}},"8":{"start":{"line":4,"column":0},"end":{"line":4,"column":13}}},"fnMap":{"0":{"name":"(anonymous_0)","decl":{"start":{"line":5,"column":4},"end":{"line":5,"column":null}},"loc":{"start":{"line":13,"column":31},"end":{"line":14,"column":8}}}},"branchMap":{"0":{"loc":{"start":{"line":9,"column":15},"end":{"line":9,"column":49}},"type":"default-arg","locations":[{"start":{"line":9,"column":45},"end":{"line":9,"column":49}}]},"1":{"loc":{"start":{"line":10,"column":15},"end":{"line":10,"column":46}},"type":"default-arg","locations":[{"start":{"line":10,"column":42},"end":{"line":10,"column":46}}]}},"s":{"0":14,"1":14,"2":14,"3":14,"4":14,"5":14,"6":14,"7":14,"8":1},"f":{"0":14},"b":{"0":[0],"1":[0]}}
,"C:\\Users\\Brenno\\Documents\\projects\\task-manager-mern\\server\\src\\domain\\entities\\Member.ts": {"path":"C:\\Users\\Brenno\\Documents\\projects\\task-manager-mern\\server\\src\\domain\\entities\\Member.ts","statementMap":{"0":{"start":{"line":5,"column":11},"end":{"line":5,"column":33}},"1":{"start":{"line":6,"column":11},"end":{"line":6,"column":38}},"2":{"start":{"line":7,"column":11},"end":{"line":7,"column":25}},"3":{"start":{"line":8,"column":11},"end":{"line":8,"column":30}},"4":{"start":{"line":3,"column":0},"end":{"line":3,"column":13}}},"fnMap":{"0":{"name":"(anonymous_0)","decl":{"start":{"line":4,"column":4},"end":{"line":4,"column":null}},"loc":{"start":{"line":8,"column":30},"end":{"line":9,"column":8}}}},"branchMap":{},"s":{"0":6,"1":6,"2":6,"3":6,"4":1},"f":{"0":6},"b":{}}
,"C:\\Users\\Brenno\\Documents\\projects\\task-manager-mern\\server\\src\\domain\\entities\\Project.ts": {"path":"C:\\Users\\Brenno\\Documents\\projects\\task-manager-mern\\server\\src\\domain\\entities\\Project.ts","statementMap":{"0":{"start":{"line":5,"column":15},"end":{"line":5,"column":27}},"1":{"start":{"line":6,"column":15},"end":{"line":6,"column":41}},"2":{"start":{"line":7,"column":15},"end":{"line":7,"column":28}},"3":{"start":{"line":8,"column":15},"end":{"line":8,"column":40}},"4":{"start":{"line":9,"column":15},"end":{"line":9,"column":40}},"5":{"start":{"line":10,"column":15},"end":{"line":10,"column":31}},"6":{"start":{"line":11,"column":15},"end":{"line":11,"column":31}},"7":{"start":{"line":12,"column":15},"end":{"line":12,"column":34}},"8":{"start":{"line":3,"column":0},"end":{"line":3,"column":13}}},"fnMap":{"0":{"name":"(anonymous_0)","decl":{"start":{"line":4,"column":4},"end":{"line":4,"column":null}},"loc":{"start":{"line":12,"column":34},"end":{"line":13,"column":8}}}},"branchMap":{},"s":{"0":16,"1":16,"2":16,"3":16,"4":16,"5":16,"6":16,"7":16,"8":1},"f":{"0":16},"b":{}}
,"C:\\Users\\Brenno\\Documents\\projects\\task-manager-mern\\server\\src\\domain\\entities\\Task.ts": {"path":"C:\\Users\\Brenno\\Documents\\projects\\task-manager-mern\\server\\src\\domain\\entities\\Task.ts","statementMap":{"0":{"start":{"line":7,"column":15},"end":{"line":7,"column":31}},"1":{"start":{"line":8,"column":15},"end":{"line":8,"column":29}},"2":{"start":{"line":9,"column":15},"end":{"line":9,"column":41}},"3":{"start":{"line":10,"column":15},"end":{"line":10,"column":38}},"4":{"start":{"line":11,"column":15},"end":{"line":11,"column":40}},"5":{"start":{"line":12,"column":15},"end":{"line":12,"column":41}},"6":{"start":{"line":13,"column":15},"end":{"line":13,"column":45}},"7":{"start":{"line":14,"column":15},"end":{"line":14,"column":48}},"8":{"start":{"line":15,"column":15},"end":{"line":15,"column":40}},"9":{"start":{"line":16,"column":15},"end":{"line":16,"column":35}},"10":{"start":{"line":17,"column":15},"end":{"line":17,"column":31}},"11":{"start":{"line":18,"column":15},"end":{"line":18,"column":31}},"12":{"start":{"line":19,"column":15},"end":{"line":19,"column":34}},"13":{"start":{"line":5,"column":0},"end":{"line":5,"column":13}}},"fnMap":{"0":{"name":"(anonymous_0)","decl":{"start":{"line":6,"column":4},"end":{"line":6,"column":null}},"loc":{"start":{"line":19,"column":34},"end":{"line":20,"column":8}}}},"branchMap":{},"s":{"0":14,"1":14,"2":14,"3":14,"4":14,"5":14,"6":14,"7":14,"8":14,"9":14,"10":14,"11":14,"12":14,"13":1},"f":{"0":14},"b":{}}
,"C:\\Users\\Brenno\\Documents\\projects\\task-manager-mern\\server\\src\\domain\\entities\\User.ts": {"path":"C:\\Users\\Brenno\\Documents\\projects\\task-manager-mern\\server\\src\\domain\\entities\\User.ts","statementMap":{"0":{"start":{"line":3,"column":15},"end":{"line":3,"column":27}},"1":{"start":{"line":4,"column":15},"end":{"line":4,"column":28}},"2":{"start":{"line":5,"column":15},"end":{"line":5,"column":44}},"3":{"start":{"line":6,"column":15},"end":{"line":6,"column":35}},"4":{"start":{"line":7,"column":15},"end":{"line":7,"column":40}},"5":{"start":{"line":8,"column":15},"end":{"line":8,"column":49}},"6":{"start":{"line":9,"column":15},"end":{"line":9,"column":26}},"7":{"start":{"line":10,"column":15},"end":{"line":10,"column":31}},"8":{"start":{"line":11,"column":15},"end":{"line":11,"column":31}},"9":{"start":{"line":1,"column":0},"end":{"line":1,"column":13}}},"fnMap":{"0":{"name":"(anonymous_0)","decl":{"start":{"line":2,"column":4},"end":{"line":2,"column":null}},"loc":{"start":{"line":11,"column":31},"end":{"line":12,"column":8}}}},"branchMap":{"0":{"loc":{"start":{"line":6,"column":15},"end":{"line":6,"column":39}},"type":"default-arg","locations":[{"start":{"line":6,"column":35},"end":{"line":6,"column":39}}]},"1":{"loc":{"start":{"line":7,"column":15},"end":{"line":7,"column":44}},"type":"default-arg","locations":[{"start":{"line":7,"column":40},"end":{"line":7,"column":44}}]},"2":{"loc":{"start":{"line":8,"column":15},"end":{"line":8,"column":53}},"type":"default-arg","locations":[{"start":{"line":8,"column":49},"end":{"line":8,"column":53}}]}},"s":{"0":11,"1":11,"2":11,"3":11,"4":11,"5":11,"6":11,"7":11,"8":11,"9":1},"f":{"0":11},"b":{"0":[4],"1":[4],"2":[4]}}
,"C:\\Users\\Brenno\\Documents\\projects\\task-manager-mern\\server\\src\\domain\\entities\\Workspace.ts": {"path":"C:\\Users\\Brenno\\Documents\\projects\\task-manager-mern\\server\\src\\domain\\entities\\Workspace.ts","statementMap":{"0":{"start":{"line":2,"column":0},"end":{"line":2,"column":75}},"1":{"start":{"line":6,"column":15},"end":{"line":6,"column":27}},"2":{"start":{"line":7,"column":15},"end":{"line":7,"column":41}},"3":{"start":{"line":8,"column":15},"end":{"line":8,"column":36}},"4":{"start":{"line":9,"column":15},"end":{"line":9,"column":33}},"5":{"start":{"line":10,"column":15},"end":{"line":10,"column":31}},"6":{"start":{"line":11,"column":15},"end":{"line":11,"column":31}},"7":{"start":{"line":12,"column":15},"end":{"line":12,"column":34}},"8":{"start":{"line":16,"column":8},"end":{"line":16,"column":47}},"9":{"start":{"line":4,"column":0},"end":{"line":4,"column":13}}},"fnMap":{"0":{"name":"(anonymous_1)","decl":{"start":{"line":15,"column":4},"end":{"line":15,"column":19}},"loc":{"start":{"line":15,"column":19},"end":{"line":17,"column":5}}}},"branchMap":{},"s":{"0":1,"1":15,"2":15,"3":15,"4":15,"5":15,"6":15,"7":15,"8":1,"9":1},"f":{"0":1},"b":{}}
,"C:\\Users\\Brenno\\Documents\\projects\\task-manager-mern\\server\\src\\domain\\enums\\accountProvider.ts": {"path":"C:\\Users\\Brenno\\Documents\\projects\\task-manager-mern\\server\\src\\domain\\enums\\accountProvider.ts","statementMap":{"0":{"start":{"line":1,"column":13},"end":{"line":6,"column":11}}},"fnMap":{},"branchMap":{},"s":{"0":1},"f":{},"b":{}}
,"C:\\Users\\Brenno\\Documents\\projects\\task-manager-mern\\server\\src\\domain\\enums\\taskStatus.ts": {"path":"C:\\Users\\Brenno\\Documents\\projects\\task-manager-mern\\server\\src\\domain\\enums\\taskStatus.ts","statementMap":{"0":{"start":{"line":1,"column":13},"end":{"line":7,"column":11}},"1":{"start":{"line":9,"column":13},"end":{"line":13,"column":11}}},"fnMap":{},"branchMap":{},"s":{"0":1,"1":1},"f":{},"b":{}}
,"C:\\Users\\Brenno\\Documents\\projects\\task-manager-mern\\server\\src\\infrastructure\\database\\models\\accountModel.ts": {"path":"C:\\Users\\Brenno\\Documents\\projects\\task-manager-mern\\server\\src\\infrastructure\\database\\models\\accountModel.ts","statementMap":{"0":{"start":{"line":1,"column":0},"end":{"line":1,"column":53}},"1":{"start":{"line":2,"column":0},"end":{"line":2,"column":87}},"2":{"start":{"line":13,"column":13},"end":{"line":44,"column":3}},"3":{"start":{"line":41,"column":12},"end":{"line":41,"column":36}},"4":{"start":{"line":46,"column":21},"end":{"line":46,"column":79}},"5":{"start":{"line":47,"column":0},"end":{"line":47,"column":28}}},"fnMap":{"0":{"name":"(anonymous_9)","decl":{"start":{"line":40,"column":8},"end":{"line":40,"column":17}},"loc":{"start":{"line":40,"column":24},"end":{"line":42,"column":9}}}},"branchMap":{},"s":{"0":1,"1":1,"2":1,"3":0,"4":1,"5":1},"f":{"0":0},"b":{}}
,"C:\\Users\\Brenno\\Documents\\projects\\task-manager-mern\\server\\src\\infrastructure\\database\\models\\memberModel.ts": {"path":"C:\\Users\\Brenno\\Documents\\projects\\task-manager-mern\\server\\src\\infrastructure\\database\\models\\memberModel.ts","statementMap":{"0":{"start":{"line":1,"column":0},"end":{"line":1,"column":54}},"1":{"start":{"line":9,"column":21},"end":{"line":26,"column":2}},"2":{"start":{"line":28,"column":20},"end":{"line":28,"column":74}},"3":{"start":{"line":29,"column":0},"end":{"line":29,"column":27}}},"fnMap":{},"branchMap":{},"s":{"0":1,"1":1,"2":1,"3":1},"f":{},"b":{}}
,"C:\\Users\\Brenno\\Documents\\projects\\task-manager-mern\\server\\src\\infrastructure\\database\\models\\projectModel.ts": {"path":"C:\\Users\\Brenno\\Documents\\projects\\task-manager-mern\\server\\src\\infrastructure\\database\\models\\projectModel.ts","statementMap":{"0":{"start":{"line":1,"column":0},"end":{"line":1,"column":53}},"1":{"start":{"line":13,"column":22},"end":{"line":43,"column":null}},"2":{"start":{"line":46,"column":21},"end":{"line":46,"column":79}},"3":{"start":{"line":47,"column":0},"end":{"line":47,"column":28}}},"fnMap":{},"branchMap":{},"s":{"0":1,"1":1,"2":1,"3":1},"f":{},"b":{}}
,"C:\\Users\\Brenno\\Documents\\projects\\task-manager-mern\\server\\src\\infrastructure\\database\\models\\taskModel.ts": {"path":"C:\\Users\\Brenno\\Documents\\projects\\task-manager-mern\\server\\src\\infrastructure\\database\\models\\taskModel.ts","statementMap":{"0":{"start":{"line":1,"column":0},"end":{"line":1,"column":60}},"1":{"start":{"line":2,"column":0},"end":{"line":2,"column":126}},"2":{"start":{"line":3,"column":0},"end":{"line":3,"column":76}},"3":{"start":{"line":20,"column":19},"end":{"line":72,"column":2}},"4":{"start":{"line":74,"column":18},"end":{"line":74,"column":66}},"5":{"start":{"line":76,"column":0},"end":{"line":76,"column":25}}},"fnMap":{},"branchMap":{},"s":{"0":1,"1":1,"2":1,"3":1,"4":1,"5":1},"f":{},"b":{}}
,"C:\\Users\\Brenno\\Documents\\projects\\task-manager-mern\\server\\src\\infrastructure\\database\\models\\userModel.ts": {"path":"C:\\Users\\Brenno\\Documents\\projects\\task-manager-mern\\server\\src\\infrastructure\\database\\models\\userModel.ts","statementMap":{"0":{"start":{"line":1,"column":0},"end":{"line":1,"column":54}},"1":{"start":{"line":2,"column":0},"end":{"line":2,"column":77}},"2":{"start":{"line":19,"column":19},"end":{"line":54,"column":2}},"3":{"start":{"line":56,"column":0},"end":{"line":63,"column":3}},"4":{"start":{"line":57,"column":4},"end":{"line":61,"column":5}},"5":{"start":{"line":58,"column":8},"end":{"line":60,"column":9}},"6":{"start":{"line":59,"column":12},"end":{"line":59,"column":62}},"7":{"start":{"line":62,"column":4},"end":{"line":62,"column":11}},"8":{"start":{"line":65,"column":0},"end":{"line":69,"column":2}},"9":{"start":{"line":66,"column":23},"end":{"line":66,"column":38}},"10":{"start":{"line":67,"column":4},"end":{"line":67,"column":31}},"11":{"start":{"line":68,"column":4},"end":{"line":68,"column":22}},"12":{"start":{"line":71,"column":0},"end":{"line":73,"column":2}},"13":{"start":{"line":72,"column":4},"end":{"line":72,"column":58}},"14":{"start":{"line":75,"column":18},"end":{"line":75,"column":66}},"15":{"start":{"line":76,"column":0},"end":{"line":76,"column":25}}},"fnMap":{"0":{"name":"(anonymous_9)","decl":{"start":{"line":56,"column":23},"end":{"line":56,"column":28}},"loc":{"start":{"line":56,"column":43},"end":{"line":63,"column":1}}},"1":{"name":"(anonymous_10)","decl":{"start":{"line":65,"column":34},"end":{"line":65,"column":null}},"loc":{"start":{"line":65,"column":34},"end":{"line":69,"column":1}}},"2":{"name":"(anonymous_11)","decl":{"start":{"line":71,"column":37},"end":{"line":71,"column":42}},"loc":{"start":{"line":71,"column":69},"end":{"line":73,"column":1}}}},"branchMap":{"0":{"loc":{"start":{"line":57,"column":4},"end":{"line":61,"column":5}},"type":"if","locations":[{"start":{"line":57,"column":4},"end":{"line":61,"column":5}}]},"1":{"loc":{"start":{"line":58,"column":8},"end":{"line":60,"column":9}},"type":"if","locations":[{"start":{"line":58,"column":8},"end":{"line":60,"column":9}}]}},"s":{"0":1,"1":1,"2":1,"3":1,"4":4,"5":0,"6":0,"7":4,"8":1,"9":0,"10":0,"11":0,"12":1,"13":0,"14":1,"15":1},"f":{"0":4,"1":0,"2":0},"b":{"0":[0],"1":[0]}}
,"C:\\Users\\Brenno\\Documents\\projects\\task-manager-mern\\server\\src\\infrastructure\\database\\models\\workspaceModel.ts": {"path":"C:\\Users\\Brenno\\Documents\\projects\\task-manager-mern\\server\\src\\infrastructure\\database\\models\\workspaceModel.ts","statementMap":{"0":{"start":{"line":1,"column":0},"end":{"line":1,"column":54}},"1":{"start":{"line":2,"column":0},"end":{"line":2,"column":78}},"2":{"start":{"line":14,"column":24},"end":{"line":39,"column":2}},"3":{"start":{"line":41,"column":0},"end":{"line":43,"column":null}},"4":{"start":{"line":42,"column":4},"end":{"line":42,"column":43}},"5":{"start":{"line":45,"column":23},"end":{"line":45,"column":86}},"6":{"start":{"line":47,"column":0},"end":{"line":47,"column":30}}},"fnMap":{"0":{"name":"(anonymous_9)","decl":{"start":{"line":41,"column":42},"end":{"line":41,"column":null}},"loc":{"start":{"line":41,"column":42},"end":{"line":43,"column":1}}}},"branchMap":{},"s":{"0":1,"1":1,"2":1,"3":1,"4":0,"5":1,"6":1},"f":{"0":0},"b":{}}
,"C:\\Users\\Brenno\\Documents\\projects\\task-manager-mern\\server\\src\\infrastructure\\database\\repositories\\accountRepository.ts": {"path":"C:\\Users\\Brenno\\Documents\\projects\\task-manager-mern\\server\\src\\infrastructure\\database\\repositories\\accountRepository.ts","statementMap":{"0":{"start":{"line":2,"column":0},"end":{"line":2,"column":59}},"1":{"start":{"line":3,"column":0},"end":{"line":3,"column":50}},"2":{"start":{"line":7,"column":20},"end":{"line":13,"column":10}},"3":{"start":{"line":15,"column":8},"end":{"line":15,"column":34}},"4":{"start":{"line":19,"column":20},"end":{"line":19,"column":62}},"5":{"start":{"line":20,"column":8},"end":{"line":20,"column":47}},"6":{"start":{"line":24,"column":21},"end":{"line":24,"column":56}},"7":{"start":{"line":25,"column":8},"end":{"line":25,"column":39}},"8":{"start":{"line":29,"column":8},"end":{"line":32,"column":11}},"9":{"start":{"line":36,"column":8},"end":{"line":45,"column":10}},"10":{"start":{"line":5,"column":0},"end":{"line":5,"column":13}}},"fnMap":{"0":{"name":"(anonymous_1)","decl":{"start":{"line":6,"column":4},"end":{"line":6,"column":9}},"loc":{"start":{"line":6,"column":33},"end":{"line":16,"column":5}}},"1":{"name":"(anonymous_2)","decl":{"start":{"line":18,"column":4},"end":{"line":18,"column":9}},"loc":{"start":{"line":18,"column":45},"end":{"line":21,"column":5}}},"2":{"name":"(anonymous_3)","decl":{"start":{"line":23,"column":4},"end":{"line":23,"column":9}},"loc":{"start":{"line":23,"column":37},"end":{"line":26,"column":5}}},"3":{"name":"(anonymous_4)","decl":{"start":{"line":28,"column":4},"end":{"line":28,"column":9}},"loc":{"start":{"line":28,"column":88},"end":{"line":33,"column":5}}},"4":{"name":"(anonymous_5)","decl":{"start":{"line":35,"column":12},"end":{"line":35,"column":20}},"loc":{"start":{"line":35,"column":29},"end":{"line":46,"column":5}}}},"branchMap":{"0":{"loc":{"start":{"line":20,"column":15},"end":{"line":20,"column":46}},"type":"cond-expr","locations":[{"start":{"line":20,"column":21},"end":{"line":20,"column":39}},{"start":{"line":20,"column":42},"end":{"line":20,"column":46}}]}},"s":{"0":1,"1":1,"2":5,"3":5,"4":2,"5":2,"6":1,"7":1,"8":1,"9":9,"10":1},"f":{"0":5,"1":2,"2":1,"3":1,"4":9},"b":{"0":[2,0]}}
,"C:\\Users\\Brenno\\Documents\\projects\\task-manager-mern\\server\\src\\infrastructure\\database\\repositories\\memberRepository.ts": {"path":"C:\\Users\\Brenno\\Documents\\projects\\task-manager-mern\\server\\src\\infrastructure\\database\\repositories\\memberRepository.ts","statementMap":{"0":{"start":{"line":2,"column":0},"end":{"line":2,"column":57}},"1":{"start":{"line":3,"column":0},"end":{"line":3,"column":48}},"2":{"start":{"line":8,"column":16},"end":{"line":12,"column":6}},"3":{"start":{"line":14,"column":4},"end":{"line":14,"column":30}},"4":{"start":{"line":18,"column":17},"end":{"line":18,"column":56}},"5":{"start":{"line":19,"column":4},"end":{"line":19,"column":35}},"6":{"start":{"line":23,"column":17},"end":{"line":23,"column":51}},"7":{"start":{"line":24,"column":4},"end":{"line":24,"column":35}},"8":{"start":{"line":28,"column":4},"end":{"line":28,"column":50}},"9":{"start":{"line":32,"column":4},"end":{"line":37,"column":6}},"10":{"start":{"line":6,"column":0},"end":{"line":6,"column":13}}},"fnMap":{"0":{"name":"(anonymous_1)","decl":{"start":{"line":7,"column":4},"end":{"line":7,"column":9}},"loc":{"start":{"line":7,"column":40},"end":{"line":15,"column":5}}},"1":{"name":"(anonymous_2)","decl":{"start":{"line":17,"column":4},"end":{"line":17,"column":9}},"loc":{"start":{"line":17,"column":53},"end":{"line":20,"column":5}}},"2":{"name":"(anonymous_3)","decl":{"start":{"line":22,"column":4},"end":{"line":22,"column":9}},"loc":{"start":{"line":22,"column":45},"end":{"line":25,"column":5}}},"3":{"name":"(anonymous_4)","decl":{"start":{"line":27,"column":4},"end":{"line":27,"column":9}},"loc":{"start":{"line":27,"column":41},"end":{"line":29,"column":5}}},"4":{"name":"(anonymous_5)","decl":{"start":{"line":31,"column":12},"end":{"line":31,"column":20}},"loc":{"start":{"line":31,"column":29},"end":{"line":38,"column":5}}}},"branchMap":{},"s":{"0":1,"1":1,"2":1,"3":1,"4":1,"5":1,"6":1,"7":1,"8":1,"9":5,"10":1},"f":{"0":1,"1":1,"2":1,"3":1,"4":5},"b":{}}
,"C:\\Users\\Brenno\\Documents\\projects\\task-manager-mern\\server\\src\\infrastructure\\database\\repositories\\projectRepository.ts": {"path":"C:\\Users\\Brenno\\Documents\\projects\\task-manager-mern\\server\\src\\infrastructure\\database\\repositories\\projectRepository.ts","statementMap":{"0":{"start":{"line":2,"column":0},"end":{"line":2,"column":59}},"1":{"start":{"line":3,"column":0},"end":{"line":3,"column":50}},"2":{"start":{"line":8,"column":16},"end":{"line":14,"column":6}},"3":{"start":{"line":15,"column":4},"end":{"line":15,"column":30}},"4":{"start":{"line":19,"column":16},"end":{"line":19,"column":47}},"5":{"start":{"line":20,"column":4},"end":{"line":20,"column":43}},"6":{"start":{"line":24,"column":17},"end":{"line":24,"column":68}},"7":{"start":{"line":25,"column":4},"end":{"line":25,"column":35}},"8":{"start":{"line":29,"column":4},"end":{"line":33,"column":7}},"9":{"start":{"line":37,"column":4},"end":{"line":37,"column":45}},"10":{"start":{"line":41,"column":4},"end":{"line":50,"column":6}},"11":{"start":{"line":6,"column":0},"end":{"line":6,"column":13}}},"fnMap":{"0":{"name":"(anonymous_1)","decl":{"start":{"line":7,"column":4},"end":{"line":7,"column":9}},"loc":{"start":{"line":7,"column":45},"end":{"line":16,"column":1}}},"1":{"name":"(anonymous_2)","decl":{"start":{"line":18,"column":4},"end":{"line":18,"column":9}},"loc":{"start":{"line":18,"column":37},"end":{"line":21,"column":1}}},"2":{"name":"(anonymous_3)","decl":{"start":{"line":23,"column":4},"end":{"line":23,"column":9}},"loc":{"start":{"line":23,"column":53},"end":{"line":26,"column":1}}},"3":{"name":"(anonymous_4)","decl":{"start":{"line":28,"column":4},"end":{"line":28,"column":9}},"loc":{"start":{"line":28,"column":33},"end":{"line":34,"column":1}}},"4":{"name":"(anonymous_5)","decl":{"start":{"line":36,"column":4},"end":{"line":36,"column":9}},"loc":{"start":{"line":36,"column":35},"end":{"line":38,"column":1}}},"5":{"name":"(anonymous_6)","decl":{"start":{"line":40,"column":12},"end":{"line":40,"column":20}},"loc":{"start":{"line":40,"column":29},"end":{"line":51,"column":1}}}},"branchMap":{"0":{"loc":{"start":{"line":20,"column":11},"end":{"line":20,"column":42}},"type":"cond-expr","locations":[{"start":{"line":20,"column":17},"end":{"line":20,"column":35}},{"start":{"line":20,"column":38},"end":{"line":20,"column":42}}]}},"s":{"0":1,"1":1,"2":6,"3":6,"4":3,"5":3,"6":1,"7":1,"8":1,"9":1,"10":10,"11":1},"f":{"0":6,"1":3,"2":1,"3":1,"4":1,"5":10},"b":{"0":[2,1]}}
,"C:\\Users\\Brenno\\Documents\\projects\\task-manager-mern\\server\\src\\infrastructure\\database\\repositories\\taskRepository.ts": {"path":"C:\\Users\\Brenno\\Documents\\projects\\task-manager-mern\\server\\src\\infrastructure\\database\\repositories\\taskRepository.ts","statementMap":{"0":{"start":{"line":2,"column":0},"end":{"line":2,"column":53}},"1":{"start":{"line":3,"column":0},"end":{"line":3,"column":44}},"2":{"start":{"line":8,"column":20},"end":{"line":19,"column":10}},"3":{"start":{"line":21,"column":8},"end":{"line":21,"column":34}},"4":{"start":{"line":25,"column":20},"end":{"line":25,"column":48}},"5":{"start":{"line":26,"column":8},"end":{"line":26,"column":47}},"6":{"start":{"line":30,"column":21},"end":{"line":30,"column":65}},"7":{"start":{"line":31,"column":8},"end":{"line":31,"column":39}},"8":{"start":{"line":35,"column":21},"end":{"line":35,"column":69}},"9":{"start":{"line":36,"column":8},"end":{"line":36,"column":39}},"10":{"start":{"line":40,"column":8},"end":{"line":48,"column":11}},"11":{"start":{"line":52,"column":8},"end":{"line":52,"column":46}},"12":{"start":{"line":56,"column":8},"end":{"line":70,"column":10}},"13":{"start":{"line":6,"column":0},"end":{"line":6,"column":13}}},"fnMap":{"0":{"name":"(anonymous_1)","decl":{"start":{"line":7,"column":4},"end":{"line":7,"column":9}},"loc":{"start":{"line":7,"column":39},"end":{"line":22,"column":5}}},"1":{"name":"(anonymous_2)","decl":{"start":{"line":24,"column":4},"end":{"line":24,"column":9}},"loc":{"start":{"line":24,"column":37},"end":{"line":27,"column":5}}},"2":{"name":"(anonymous_3)","decl":{"start":{"line":29,"column":4},"end":{"line":29,"column":9}},"loc":{"start":{"line":29,"column":49},"end":{"line":32,"column":5}}},"3":{"name":"(anonymous_4)","decl":{"start":{"line":34,"column":4},"end":{"line":34,"column":9}},"loc":{"start":{"line":34,"column":53},"end":{"line":37,"column":5}}},"4":{"name":"(anonymous_5)","decl":{"start":{"line":39,"column":4},"end":{"line":39,"column":9}},"loc":{"start":{"line":39,"column":27},"end":{"line":49,"column":5}}},"5":{"name":"(anonymous_6)","decl":{"start":{"line":51,"column":4},"end":{"line":51,"column":9}},"loc":{"start":{"line":51,"column":35},"end":{"line":53,"column":5}}},"6":{"name":"(anonymous_7)","decl":{"start":{"line":55,"column":12},"end":{"line":55,"column":20}},"loc":{"start":{"line":55,"column":29},"end":{"line":71,"column":5}}}},"branchMap":{"0":{"loc":{"start":{"line":26,"column":15},"end":{"line":26,"column":46}},"type":"cond-expr","locations":[{"start":{"line":26,"column":21},"end":{"line":26,"column":39}},{"start":{"line":26,"column":42},"end":{"line":26,"column":46}}]}},"s":{"0":1,"1":1,"2":5,"3":5,"4":3,"5":3,"6":1,"7":1,"8":0,"9":0,"10":1,"11":1,"12":9,"13":1},"f":{"0":5,"1":3,"2":1,"3":0,"4":1,"5":1,"6":9},"b":{"0":[2,1]}}
,"C:\\Users\\Brenno\\Documents\\projects\\task-manager-mern\\server\\src\\infrastructure\\database\\repositories\\userRepository.ts": {"path":"C:\\Users\\Brenno\\Documents\\projects\\task-manager-mern\\server\\src\\infrastructure\\database\\repositories\\userRepository.ts","statementMap":{"0":{"start":{"line":2,"column":0},"end":{"line":2,"column":44}},"1":{"start":{"line":3,"column":0},"end":{"line":3,"column":53}},"2":{"start":{"line":4,"column":0},"end":{"line":4,"column":32}},"3":{"start":{"line":8,"column":8},"end":{"line":18,"column":10}},"4":{"start":{"line":22,"column":28},"end":{"line":22,"column":60}},"5":{"start":{"line":23,"column":8},"end":{"line":23,"column":45}},"6":{"start":{"line":27,"column":8},"end":{"line":27,"column":62}},"7":{"start":{"line":27,"column":50},"end":{"line":27,"column":62}},"8":{"start":{"line":29,"column":21},"end":{"line":29,"column":49}},"9":{"start":{"line":30,"column":8},"end":{"line":30,"column":52}},"10":{"start":{"line":34,"column":21},"end":{"line":34,"column":55}},"11":{"start":{"line":35,"column":8},"end":{"line":35,"column":52}},"12":{"start":{"line":39,"column":8},"end":{"line":39,"column":67}},"13":{"start":{"line":6,"column":0},"end":{"line":6,"column":13}}},"fnMap":{"0":{"name":"(anonymous_1)","decl":{"start":{"line":7,"column":12},"end":{"line":7,"column":23}},"loc":{"start":{"line":7,"column":36},"end":{"line":19,"column":5}}},"1":{"name":"(anonymous_2)","decl":{"start":{"line":21,"column":4},"end":{"line":21,"column":9}},"loc":{"start":{"line":21,"column":43},"end":{"line":24,"column":5}}},"2":{"name":"(anonymous_3)","decl":{"start":{"line":26,"column":4},"end":{"line":26,"column":9}},"loc":{"start":{"line":26,"column":29},"end":{"line":31,"column":5}}},"3":{"name":"(anonymous_4)","decl":{"start":{"line":33,"column":4},"end":{"line":33,"column":9}},"loc":{"start":{"line":33,"column":35},"end":{"line":36,"column":5}}},"4":{"name":"(anonymous_5)","decl":{"start":{"line":38,"column":4},"end":{"line":38,"column":9}},"loc":{"start":{"line":38,"column":48},"end":{"line":40,"column":5}}}},"branchMap":{"0":{"loc":{"start":{"line":27,"column":8},"end":{"line":27,"column":62}},"type":"if","locations":[{"start":{"line":27,"column":8},"end":{"line":27,"column":62}}]},"1":{"loc":{"start":{"line":30,"column":15},"end":{"line":30,"column":51}},"type":"cond-expr","locations":[{"start":{"line":30,"column":22},"end":{"line":30,"column":44}},{"start":{"line":30,"column":47},"end":{"line":30,"column":51}}]},"2":{"loc":{"start":{"line":35,"column":15},"end":{"line":35,"column":51}},"type":"cond-expr","locations":[{"start":{"line":35,"column":22},"end":{"line":35,"column":44}},{"start":{"line":35,"column":47},"end":{"line":35,"column":51}}]}},"s":{"0":1,"1":1,"2":1,"3":7,"4":4,"5":4,"6":2,"7":0,"8":2,"9":2,"10":1,"11":1,"12":1,"13":1},"f":{"0":7,"1":4,"2":2,"3":1,"4":1},"b":{"0":[0],"1":[2,0],"2":[1,0]}}
,"C:\\Users\\Brenno\\Documents\\projects\\task-manager-mern\\server\\src\\infrastructure\\database\\repositories\\workspaceRepository.ts": {"path":"C:\\Users\\Brenno\\Documents\\projects\\task-manager-mern\\server\\src\\infrastructure\\database\\repositories\\workspaceRepository.ts","statementMap":{"0":{"start":{"line":2,"column":0},"end":{"line":2,"column":63}},"1":{"start":{"line":3,"column":0},"end":{"line":3,"column":54}},"2":{"start":{"line":8,"column":20},"end":{"line":13,"column":10}},"3":{"start":{"line":15,"column":8},"end":{"line":15,"column":34}},"4":{"start":{"line":19,"column":20},"end":{"line":19,"column":70}},"5":{"start":{"line":20,"column":8},"end":{"line":20,"column":47}},"6":{"start":{"line":24,"column":20},"end":{"line":24,"column":62}},"7":{"start":{"line":25,"column":8},"end":{"line":25,"column":25}},"8":{"start":{"line":25,"column":18},"end":{"line":25,"column":25}},"9":{"start":{"line":27,"column":26},"end":{"line":27,"column":44}},"10":{"start":{"line":28,"column":8},"end":{"line":28,"column":36}},"11":{"start":{"line":30,"column":8},"end":{"line":30,"column":46}},"12":{"start":{"line":31,"column":8},"end":{"line":31,"column":25}},"13":{"start":{"line":35,"column":21},"end":{"line":35,"column":66}},"14":{"start":{"line":36,"column":8},"end":{"line":36,"column":53}},"15":{"start":{"line":36,"column":33},"end":{"line":36,"column":51}},"16":{"start":{"line":40,"column":8},"end":{"line":48,"column":10}},"17":{"start":{"line":6,"column":0},"end":{"line":6,"column":13}}},"fnMap":{"0":{"name":"(anonymous_1)","decl":{"start":{"line":7,"column":4},"end":{"line":7,"column":9}},"loc":{"start":{"line":7,"column":37},"end":{"line":16,"column":5}}},"1":{"name":"(anonymous_2)","decl":{"start":{"line":18,"column":4},"end":{"line":18,"column":9}},"loc":{"start":{"line":18,"column":39},"end":{"line":21,"column":5}}},"2":{"name":"(anonymous_3)","decl":{"start":{"line":23,"column":4},"end":{"line":23,"column":9}},"loc":{"start":{"line":23,"column":53},"end":{"line":32,"column":5}}},"3":{"name":"(anonymous_4)","decl":{"start":{"line":34,"column":4},"end":{"line":34,"column":9}},"loc":{"start":{"line":34,"column":47},"end":{"line":37,"column":5}}},"4":{"name":"(anonymous_5)","decl":{"start":{"line":36,"column":24},"end":{"line":36,"column":25}},"loc":{"start":{"line":36,"column":33},"end":{"line":36,"column":51}}},"5":{"name":"(anonymous_6)","decl":{"start":{"line":39,"column":12},"end":{"line":39,"column":20}},"loc":{"start":{"line":39,"column":29},"end":{"line":49,"column":5}}}},"branchMap":{"0":{"loc":{"start":{"line":20,"column":15},"end":{"line":20,"column":46}},"type":"cond-expr","locations":[{"start":{"line":20,"column":21},"end":{"line":20,"column":39}},{"start":{"line":20,"column":42},"end":{"line":20,"column":46}}]},"1":{"loc":{"start":{"line":25,"column":8},"end":{"line":25,"column":25}},"type":"if","locations":[{"start":{"line":25,"column":8},"end":{"line":25,"column":25}}]}},"s":{"0":1,"1":1,"2":5,"3":5,"4":1,"5":1,"6":1,"7":1,"8":0,"9":1,"10":1,"11":1,"12":1,"13":2,"14":2,"15":3,"16":10,"17":1},"f":{"0":5,"1":1,"2":1,"3":2,"4":3,"5":10},"b":{"0":[1,0],"1":[0]}}
,"C:\\Users\\Brenno\\Documents\\projects\\task-manager-mern\\server\\src\\shared\\utils\\bcrypt.ts": {"path":"C:\\Users\\Brenno\\Documents\\projects\\task-manager-mern\\server\\src\\shared\\utils\\bcrypt.ts","statementMap":{"0":{"start":{"line":1,"column":0},"end":{"line":1,"column":28}},"1":{"start":{"line":3,"column":28},"end":{"line":5,"column":1}},"2":{"start":{"line":4,"column":4},"end":{"line":4,"column":51}},"3":{"start":{"line":3,"column":13},"end":{"line":3,"column":28}},"4":{"start":{"line":7,"column":31},"end":{"line":9,"column":1}},"5":{"start":{"line":8,"column":4},"end":{"line":8,"column":55}},"6":{"start":{"line":7,"column":13},"end":{"line":7,"column":31}}},"fnMap":{"0":{"name":"(anonymous_1)","decl":{"start":{"line":3,"column":28},"end":{"line":3,"column":33}},"loc":{"start":{"line":3,"column":97},"end":{"line":5,"column":1}}},"1":{"name":"(anonymous_2)","decl":{"start":{"line":7,"column":31},"end":{"line":7,"column":36}},"loc":{"start":{"line":7,"column":97},"end":{"line":9,"column":1}}}},"branchMap":{"0":{"loc":{"start":{"line":3,"column":53},"end":{"line":3,"column":76}},"type":"default-arg","locations":[{"start":{"line":3,"column":74},"end":{"line":3,"column":76}}]}},"s":{"0":1,"1":1,"2":0,"3":1,"4":1,"5":0,"6":1},"f":{"0":0,"1":0},"b":{"0":[0]}}
,"C:\\Users\\Brenno\\Documents\\projects\\task-manager-mern\\server\\src\\shared\\utils\\generateInviteCode.ts": {"path":"C:\\Users\\Brenno\\Documents\\projects\\task-manager-mern\\server\\src\\shared\\utils\\generateInviteCode.ts","statementMap":{"0":{"start":{"line":3,"column":0},"end":{"line":3,"column":16}},"1":{"start":{"line":7,"column":0},"end":{"line":7,"column":16}},"2":{"start":{"line":1,"column":0},"end":{"line":1,"column":36}},"3":{"start":{"line":4,"column":4},"end":{"line":4,"column":54}},"4":{"start":{"line":8,"column":4},"end":{"line":8,"column":64}}},"fnMap":{"0":{"name":"generateInviteCode","decl":{"start":{"line":3,"column":16},"end":{"line":3,"column":34}},"loc":{"start":{"line":3,"column":34},"end":{"line":5,"column":1}}},"1":{"name":"generateTaskCode","decl":{"start":{"line":7,"column":16},"end":{"line":7,"column":32}},"loc":{"start":{"line":7,"column":32},"end":{"line":10,"column":1}}}},"branchMap":{},"s":{"0":2,"1":2,"2":2,"3":6,"4":0},"f":{"0":6,"1":0},"b":{}}
}
