TN:
SF:src\domain\entities\Account.ts
FN:5,(anonymous_0)
FNF:1
FNH:1
FNDA:14,(anonymous_0)
DA:4,1
DA:6,14
DA:7,14
DA:8,14
DA:9,14
DA:10,14
DA:11,14
DA:12,14
DA:13,14
LF:9
LH:9
BRDA:9,0,0,0
BRDA:10,1,0,0
BRF:2
BRH:0
end_of_record
TN:
SF:src\domain\entities\Member.ts
FN:4,(anonymous_0)
FNF:1
FNH:1
FNDA:6,(anonymous_0)
DA:3,1
DA:5,6
DA:6,6
DA:7,6
DA:8,6
LF:5
LH:5
BRF:0
BRH:0
end_of_record
TN:
SF:src\domain\entities\Project.ts
FN:4,(anonymous_0)
FNF:1
FNH:1
FNDA:16,(anonymous_0)
DA:3,1
DA:5,16
DA:6,16
DA:7,16
DA:8,16
DA:9,16
DA:10,16
DA:11,16
DA:12,16
LF:9
LH:9
BRF:0
BRH:0
end_of_record
TN:
SF:src\domain\entities\Task.ts
FN:6,(anonymous_0)
FNF:1
FNH:1
FNDA:14,(anonymous_0)
DA:5,1
DA:7,14
DA:8,14
DA:9,14
DA:10,14
DA:11,14
DA:12,14
DA:13,14
DA:14,14
DA:15,14
DA:16,14
DA:17,14
DA:18,14
DA:19,14
LF:14
LH:14
BRF:0
BRH:0
end_of_record
TN:
SF:src\domain\entities\User.ts
FN:2,(anonymous_0)
FNF:1
FNH:1
FNDA:11,(anonymous_0)
DA:1,1
DA:3,11
DA:4,11
DA:5,11
DA:6,11
DA:7,11
DA:8,11
DA:9,11
DA:10,11
DA:11,11
LF:10
LH:10
BRDA:6,0,0,4
BRDA:7,1,0,4
BRDA:8,2,0,4
BRF:3
BRH:3
end_of_record
TN:
SF:src\domain\entities\Workspace.ts
FN:15,(anonymous_1)
FNF:1
FNH:1
FNDA:1,(anonymous_1)
DA:2,1
DA:4,1
DA:6,15
DA:7,15
DA:8,15
DA:9,15
DA:10,15
DA:11,15
DA:12,15
DA:16,1
LF:10
LH:10
BRF:0
BRH:0
end_of_record
TN:
SF:src\domain\enums\accountProvider.ts
FNF:0
FNH:0
DA:1,1
LF:1
LH:1
BRF:0
BRH:0
end_of_record
TN:
SF:src\domain\enums\taskStatus.ts
FNF:0
FNH:0
DA:1,1
DA:9,1
LF:2
LH:2
BRF:0
BRH:0
end_of_record
TN:
SF:src\infrastructure\database\models\accountModel.ts
FN:40,(anonymous_9)
FNF:1
FNH:0
FNDA:0,(anonymous_9)
DA:1,1
DA:2,1
DA:13,1
DA:41,0
DA:46,1
DA:47,1
LF:6
LH:5
BRF:0
BRH:0
end_of_record
TN:
SF:src\infrastructure\database\models\memberModel.ts
FNF:0
FNH:0
DA:1,1
DA:9,1
DA:28,1
DA:29,1
LF:4
LH:4
BRF:0
BRH:0
end_of_record
TN:
SF:src\infrastructure\database\models\projectModel.ts
FNF:0
FNH:0
DA:1,1
DA:13,1
DA:46,1
DA:47,1
LF:4
LH:4
BRF:0
BRH:0
end_of_record
TN:
SF:src\infrastructure\database\models\taskModel.ts
FNF:0
FNH:0
DA:1,1
DA:2,1
DA:3,1
DA:20,1
DA:74,1
DA:76,1
LF:6
LH:6
BRF:0
BRH:0
end_of_record
TN:
SF:src\infrastructure\database\models\userModel.ts
FN:56,(anonymous_9)
FN:65,(anonymous_10)
FN:71,(anonymous_11)
FNF:3
FNH:1
FNDA:4,(anonymous_9)
FNDA:0,(anonymous_10)
FNDA:0,(anonymous_11)
DA:1,1
DA:2,1
DA:19,1
DA:56,1
DA:57,4
DA:58,0
DA:59,0
DA:62,4
DA:65,1
DA:66,0
DA:67,0
DA:68,0
DA:71,1
DA:72,0
DA:75,1
DA:76,1
LF:16
LH:10
BRDA:57,0,0,0
BRDA:58,1,0,0
BRF:2
BRH:0
end_of_record
TN:
SF:src\infrastructure\database\models\workspaceModel.ts
FN:41,(anonymous_9)
FNF:1
FNH:0
FNDA:0,(anonymous_9)
DA:1,1
DA:2,1
DA:14,1
DA:41,1
DA:42,0
DA:45,1
DA:47,1
LF:7
LH:6
BRF:0
BRH:0
end_of_record
TN:
SF:src\infrastructure\database\repositories\accountRepository.ts
FN:6,(anonymous_1)
FN:18,(anonymous_2)
FN:23,(anonymous_3)
FN:28,(anonymous_4)
FN:35,(anonymous_5)
FNF:5
FNH:5
FNDA:5,(anonymous_1)
FNDA:2,(anonymous_2)
FNDA:1,(anonymous_3)
FNDA:1,(anonymous_4)
FNDA:9,(anonymous_5)
DA:2,1
DA:3,1
DA:5,1
DA:7,5
DA:15,5
DA:19,2
DA:20,2
DA:24,1
DA:25,1
DA:29,1
DA:36,9
LF:11
LH:11
BRDA:20,0,0,2
BRDA:20,0,1,0
BRF:2
BRH:1
end_of_record
TN:
SF:src\infrastructure\database\repositories\memberRepository.ts
FN:7,(anonymous_1)
FN:17,(anonymous_2)
FN:22,(anonymous_3)
FN:27,(anonymous_4)
FN:31,(anonymous_5)
FNF:5
FNH:5
FNDA:1,(anonymous_1)
FNDA:1,(anonymous_2)
FNDA:1,(anonymous_3)
FNDA:1,(anonymous_4)
FNDA:5,(anonymous_5)
DA:2,1
DA:3,1
DA:6,1
DA:8,1
DA:14,1
DA:18,1
DA:19,1
DA:23,1
DA:24,1
DA:28,1
DA:32,5
LF:11
LH:11
BRF:0
BRH:0
end_of_record
TN:
SF:src\infrastructure\database\repositories\projectRepository.ts
FN:7,(anonymous_1)
FN:18,(anonymous_2)
FN:23,(anonymous_3)
FN:28,(anonymous_4)
FN:36,(anonymous_5)
FN:40,(anonymous_6)
FNF:6
FNH:6
FNDA:6,(anonymous_1)
FNDA:3,(anonymous_2)
FNDA:1,(anonymous_3)
FNDA:1,(anonymous_4)
FNDA:1,(anonymous_5)
FNDA:10,(anonymous_6)
DA:2,1
DA:3,1
DA:6,1
DA:8,6
DA:15,6
DA:19,3
DA:20,3
DA:24,1
DA:25,1
DA:29,1
DA:37,1
DA:41,10
LF:12
LH:12
BRDA:20,0,0,2
BRDA:20,0,1,1
BRF:2
BRH:2
end_of_record
TN:
SF:src\infrastructure\database\repositories\taskRepository.ts
FN:7,(anonymous_1)
FN:24,(anonymous_2)
FN:29,(anonymous_3)
FN:34,(anonymous_4)
FN:39,(anonymous_5)
FN:51,(anonymous_6)
FN:55,(anonymous_7)
FNF:7
FNH:6
FNDA:5,(anonymous_1)
FNDA:3,(anonymous_2)
FNDA:1,(anonymous_3)
FNDA:0,(anonymous_4)
FNDA:1,(anonymous_5)
FNDA:1,(anonymous_6)
FNDA:9,(anonymous_7)
DA:2,1
DA:3,1
DA:6,1
DA:8,5
DA:21,5
DA:25,3
DA:26,3
DA:30,1
DA:31,1
DA:35,0
DA:36,0
DA:40,1
DA:52,1
DA:56,9
LF:14
LH:12
BRDA:26,0,0,2
BRDA:26,0,1,1
BRF:2
BRH:2
end_of_record
TN:
SF:src\infrastructure\database\repositories\userRepository.ts
FN:7,(anonymous_1)
FN:21,(anonymous_2)
FN:26,(anonymous_3)
FN:33,(anonymous_4)
FN:38,(anonymous_5)
FNF:5
FNH:5
FNDA:7,(anonymous_1)
FNDA:4,(anonymous_2)
FNDA:2,(anonymous_3)
FNDA:1,(anonymous_4)
FNDA:1,(anonymous_5)
DA:2,1
DA:3,1
DA:4,1
DA:6,1
DA:8,7
DA:22,4
DA:23,4
DA:27,2
DA:29,2
DA:30,2
DA:34,1
DA:35,1
DA:39,1
LF:13
LH:13
BRDA:27,0,0,0
BRDA:30,1,0,2
BRDA:30,1,1,0
BRDA:35,2,0,1
BRDA:35,2,1,0
BRF:5
BRH:2
end_of_record
TN:
SF:src\infrastructure\database\repositories\workspaceRepository.ts
FN:7,(anonymous_1)
FN:18,(anonymous_2)
FN:23,(anonymous_3)
FN:34,(anonymous_4)
FN:36,(anonymous_5)
FN:39,(anonymous_6)
FNF:6
FNH:6
FNDA:5,(anonymous_1)
FNDA:1,(anonymous_2)
FNDA:1,(anonymous_3)
FNDA:2,(anonymous_4)
FNDA:3,(anonymous_5)
FNDA:10,(anonymous_6)
DA:2,1
DA:3,1
DA:6,1
DA:8,5
DA:15,5
DA:19,1
DA:20,1
DA:24,1
DA:25,1
DA:27,1
DA:28,1
DA:30,1
DA:31,1
DA:35,2
DA:36,3
DA:40,10
LF:16
LH:16
BRDA:20,0,0,1
BRDA:20,0,1,0
BRDA:25,1,0,0
BRF:3
BRH:1
end_of_record
TN:
SF:src\shared\utils\bcrypt.ts
FN:3,(anonymous_1)
FN:7,(anonymous_2)
FNF:2
FNH:0
FNDA:0,(anonymous_1)
FNDA:0,(anonymous_2)
DA:1,1
DA:3,1
DA:4,0
DA:7,1
DA:8,0
LF:5
LH:3
BRDA:3,0,0,0
BRF:1
BRH:0
end_of_record
TN:
SF:src\shared\utils\generateInviteCode.ts
FN:3,generateInviteCode
FN:7,generateTaskCode
FNF:2
FNH:1
FNDA:6,generateInviteCode
FNDA:0,generateTaskCode
DA:1,2
DA:3,2
DA:4,6
DA:7,2
DA:8,0
LF:5
LH:4
BRF:0
BRH:0
end_of_record
